<?xml version="1.0" encoding="UTF-8"?>
<!-- Generated by org.testng.reporters.JUnitReportReporter -->
<testsuite skipped="0" hostname="LAPTOP-54VNB7BN" name="com.testng.Group" tests="2" failures="0" timestamp="2022-04-13T12:01:48 IST" time="0.010" errors="0">
  <testcase name="eicher" time="0.009" classname="com.testng.Group"/>
  <system-out/>
  <testcase name="lorry" time="0.001" classname="com.testng.Group"/>
  <system-out/>
</testsuite> <!-- com.testng.Group -->
