<?xml version="1.0" encoding="UTF-8"?>
<!-- Generated by org.testng.reporters.JUnitReportReporter -->
<testsuite skipped="0" hostname="LAPTOP-54VNB7BN" name="com.testng.Ignore_True" tests="2" failures="0" timestamp="2022-04-13T11:47:02 IST" time="0.010" errors="0">
  <testcase name="username" time="0.009" classname="com.testng.Ignore_True"/>
  <system-out/>
  <testcase name="login" time="0.001" classname="com.testng.Ignore_True"/>
  <system-out/>
</testsuite> <!-- com.testng.Ignore_True -->
