<?xml version="1.0" encoding="UTF-8"?>
<!-- Generated by org.testng.reporters.JUnitReportReporter -->
<testsuite skipped="1" hostname="LAPTOP-54VNB7BN" name="com.testng.Ignore_Fail" tests="3" failures="0" timestamp="2022-04-13T11:49:04 IST" time="0.008" errors="0">
  <testcase name="password" time="0.007" classname="com.testng.Ignore_Fail"/>
  <system-out/>
  <testcase name="login" time="0.001" classname="com.testng.Ignore_Fail"/>
  <system-out/>
  <testcase name="username" classname="com.testng.Ignore_Fail">
    <skipped/>
  </testcase> <!-- username -->
  <system-out/>
</testsuite> <!-- com.testng.Ignore_Fail -->
