<?xml version="1.0" encoding="UTF-8"?>
<!-- Generated by org.testng.reporters.JUnitReportReporter -->
<testsuite skipped="0" hostname="LAPTOP-54VNB7BN" name="com.testng.Invocation_Count" tests="4" failures="0" timestamp="2022-04-13T11:40:47 IST" time="0.014" errors="0">
  <testcase name="Womens" time="0.001" classname="com.testng.Invocation_Count"/>
  <system-out/>
  <testcase name="Womens" time="0.001" classname="com.testng.Invocation_Count"/>
  <system-out/>
  <testcase name="Womens" time="0.002" classname="com.testng.Invocation_Count"/>
  <system-out/>
  <testcase name="Womens" time="0.010" classname="com.testng.Invocation_Count"/>
  <system-out/>
</testsuite> <!-- com.testng.Invocation_Count -->
